=== Silent Forge Phase 1 Test Results ===


1. HealthSystem Test Results:
Results file not found.

-------------------------------------------------

2. GestureRecognizer Test Results:
**********************************************************************
** Visual Studio 2022 Developer Command Prompt v17.13.4
** Copyright (c) 2022 Microsoft Corporation
**********************************************************************
[vcvarsall.bat] Environment initialized for: 'x64'
Compiling GestureRecognizerStandaloneTest...
GestureRecognizerStandaloneTest.cpp
C:\Users\HydraPony\1337 h4x0r\Mengin\src\tests\standalone\../../engine/input/include/GestureRecognizer.hpp(3): fatal error C1083: Cannot open include file: 'opencv2/core.hpp': No such file or directory
GestureRecognizer.cpp
C:\Users\HydraPony\1337 h4x0r\Mengin\src\engine\input\src\../include/GestureRecognizer.hpp(3): fatal error C1083: Cannot open include file: 'opencv2/core.hpp': No such file or directory
Generating Code...
Compilation failed.

-------------------------------------------------

3. PlasmaWeapon Test Results:
**********************************************************************
** Visual Studio 2022 Developer Command Prompt v17.13.4
** Copyright (c) 2022 Microsoft Corporation
**********************************************************************
[vcvarsall.bat] Environment initialized for: 'x64'
Compiling PlasmaWeaponStandaloneTest...
PlasmaWeaponStandaloneTest.cpp
C:\Users\HydraPony\1337 h4x0r\Mengin\src\tests\standalone\../../engine/combat/include/PlasmaWeapon.hpp(6): fatal error C1083: Cannot open include file: 'ParticleSystem.hpp': No such file or directory
PlasmaWeapon.cpp
C:\Users\HydraPony\1337 h4x0r\Mengin\src\engine\combat\src\../include/PlasmaWeapon.hpp(6): fatal error C1083: Cannot open include file: 'ParticleSystem.hpp': No such file or directory
Generating Code...
Compilation failed.

-------------------------------------------------

4. AIConstruct Test Results:
**********************************************************************
** Visual Studio 2022 Developer Command Prompt v17.13.4
** Copyright (c) 2022 Microsoft Corporation
**********************************************************************
[vcvarsall.bat] Environment initialized for: 'x64'
Compiling AIConstructStandaloneTest...
AIConstructStandaloneTest.cpp
C:\Users\HydraPony\1337 h4x0r\Mengin\src\tests\standalone\../../engine/combat/include/AIConstruct.hpp(112): error C2065: 'ParticleSystem': undeclared identifier
C:\Users\HydraPony\1337 h4x0r\Mengin\src\tests\standalone\../../engine/combat/include/AIConstruct.hpp(112): error C2923: 'std::shared_ptr': 'ParticleSystem' is not a valid template type argument for parameter '_Ty'
C:\Users\HydraPony\1337 h4x0r\Mengin\src\tests\standalone\../../engine/combat/include/AIConstruct.hpp(112): note: see declaration of 'ParticleSystem'
C:\Users\HydraPony\1337 h4x0r\Mengin\src\tests\standalone\../../engine/combat/include/AIConstruct.hpp(112): error C2955: 'std::shared_ptr': use of class template requires template argument list
C:\Program Files\Microsoft Visual Studio\2022\Community\VC\Tools\MSVC\14.43.34808\include\memory(1557): note: see declaration of 'std::shared_ptr'
C:\Users\HydraPony\1337 h4x0r\Mengin\src\tests\standalone\../../engine/combat/include/AIConstruct.hpp(297): error C2065: 'ParticleSystem': undeclared identifier
C:\Users\HydraPony\1337 h4x0r\Mengin\src\tests\standalone\../../engine/combat/include/AIConstruct.hpp(297): error C2923: 'std::shared_ptr': 'ParticleSystem' is not a valid template type argument for parameter '_Ty'
C:\Users\HydraPony\1337 h4x0r\Mengin\src\tests\standalone\../../engine/combat/include/AIConstruct.hpp(297): note: see declaration of 'ParticleSystem'
C:\Users\HydraPony\1337 h4x0r\Mengin\src\tests\standalone\../../engine/combat/include/AIConstruct.hpp(297): error C2955: 'std::shared_ptr': use of class template requires template argument list
C:\Program Files\Microsoft Visual Studio\2022\Community\VC\Tools\MSVC\14.43.34808\include\memory(1557): note: see declaration of 'std::shared_ptr'
src\tests\standalone\AIConstructStandaloneTest.cpp(17): error C2039: 'getCurrentState': is not a member of 'TurtleEngine::Combat::AIConstruct'
C:\Users\HydraPony\1337 h4x0r\Mengin\src\tests\standalone\../../engine/combat/include/AIConstruct.hpp(86): note: see declaration of 'TurtleEngine::Combat::AIConstruct'
src\tests\standalone\AIConstructStandaloneTest.cpp(19): error C2039: 'getCurrentState': is not a member of 'TurtleEngine::Combat::AIConstruct'
C:\Users\HydraPony\1337 h4x0r\Mengin\src\tests\standalone\../../engine/combat/include/AIConstruct.hpp(86): note: see declaration of 'TurtleEngine::Combat::AIConstruct'
src\tests\standalone\AIConstructStandaloneTest.cpp(27): error C2039: 'getCurrentState': is not a member of 'TurtleEngine::Combat::AIConstruct'
C:\Users\HydraPony\1337 h4x0r\Mengin\src\tests\standalone\../../engine/combat/include/AIConstruct.hpp(86): note: see declaration of 'TurtleEngine::Combat::AIConstruct'
AIConstruct.cpp
C:\Users\HydraPony\1337 h4x0r\Mengin\src\engine\combat\src\../include/AIConstruct.hpp(112): error C2065: 'ParticleSystem': undeclared identifier
C:\Users\HydraPony\1337 h4x0r\Mengin\src\engine\combat\src\../include/AIConstruct.hpp(112): error C2923: 'std::shared_ptr': 'ParticleSystem' is not a valid template type argument for parameter '_Ty'
C:\Users\HydraPony\1337 h4x0r\Mengin\src\engine\combat\src\../include/AIConstruct.hpp(112): note: see declaration of 'ParticleSystem'
C:\Users\HydraPony\1337 h4x0r\Mengin\src\engine\combat\src\../include/AIConstruct.hpp(112): error C2955: 'std::shared_ptr': use of class template requires template argument list
C:\Program Files\Microsoft Visual Studio\2022\Community\VC\Tools\MSVC\14.43.34808\include\memory(1557): note: see declaration of 'std::shared_ptr'
C:\Users\HydraPony\1337 h4x0r\Mengin\src\engine\combat\src\../include/AIConstruct.hpp(297): error C2065: 'ParticleSystem': undeclared identifier
C:\Users\HydraPony\1337 h4x0r\Mengin\src\engine\combat\src\../include/AIConstruct.hpp(297): error C2923: 'std::shared_ptr': 'ParticleSystem' is not a valid template type argument for parameter '_Ty'
C:\Users\HydraPony\1337 h4x0r\Mengin\src\engine\combat\src\../include/AIConstruct.hpp(297): note: see declaration of 'ParticleSystem'
C:\Users\HydraPony\1337 h4x0r\Mengin\src\engine\combat\src\../include/AIConstruct.hpp(297): error C2955: 'std::shared_ptr': use of class template requires template argument list
C:\Program Files\Microsoft Visual Studio\2022\Community\VC\Tools\MSVC\14.43.34808\include\memory(1557): note: see declaration of 'std::shared_ptr'
src\engine\combat\src\AIConstruct.cpp(15): error C2511: 'TurtleEngine::Combat::AIConstruct::AIConstruct(std::shared_ptr<TurtleEngine::ParticleSystem>,TurtleEngine::Combat::AIConstruct::Type,const glm::vec3 &,float)': overloaded member function not found in 'TurtleEngine::Combat::AIConstruct'
C:\Users\HydraPony\1337 h4x0r\Mengin\src\engine\combat\src\../include/AIConstruct.hpp(86): note: see declaration of 'TurtleEngine::Combat::AIConstruct'
src\engine\combat\src\AIConstruct.cpp(35): error C2550: 'TurtleEngine::Combat::AIConstruct::{ctor}': constructor initializer lists are only allowed on constructor definitions
src\engine\combat\src\AIConstruct.cpp(38): error C2352: 'TurtleEngine::Combat::AIConstruct::initializeTypeProperties': a call of a non-static member function requires an object
C:\Users\HydraPony\1337 h4x0r\Mengin\src\engine\combat\src\../include/AIConstruct.hpp(270): note: see declaration of 'TurtleEngine::Combat::AIConstruct::initializeTypeProperties'
src\engine\combat\src\AIConstruct.cpp(41): error C2597: illegal reference to non-static member 'TurtleEngine::Combat::AIConstruct::m_particleSystem'
C:\Users\HydraPony\1337 h4x0r\Mengin\src\engine\combat\src\../include/AIConstruct.hpp(297): note: see declaration of 'TurtleEngine::Combat::AIConstruct::m_particleSystem'
src\engine\combat\src\AIConstruct.cpp(44): error C2597: illegal reference to non-static member 'TurtleEngine::Combat::AIConstruct::m_position'
C:\Users\HydraPony\1337 h4x0r\Mengin\src\engine\combat\src\../include/AIConstruct.hpp(276): note: see declaration of 'TurtleEngine::Combat::AIConstruct::m_position'
src\engine\combat\src\AIConstruct.cpp(47): error C2671: 'TurtleEngine::Combat::AIConstruct::{ctor}': static member functions do not have 'this' pointers
src\engine\combat\src\AIConstruct.cpp(49): error C2512: 'TurtleEngine::Combat::AIConstruct::{ctor}::<lambda_622f253d3ef52690ad29a81af0c12cda>': no appropriate default constructor available
src\engine\combat\src\AIConstruct.cpp(49): note: Invalid aggregate initialization
src\engine\combat\src\AIConstruct.cpp(49): note: 'TurtleEngine::Combat::AIConstruct::{ctor}::<lambda_622f253d3ef52690ad29a81af0c12cda>::__this': private and protected members cannot be initialized without a constructor
src\engine\combat\src\AIConstruct.cpp(51): error C2671: 'TurtleEngine::Combat::AIConstruct::{ctor}': static member functions do not have 'this' pointers
src\engine\combat\src\AIConstruct.cpp(53): error C2512: 'TurtleEngine::Combat::AIConstruct::{ctor}::<lambda_f0700ed4eb16411bba5981f65b4dd678>': no appropriate default constructor available
src\engine\combat\src\AIConstruct.cpp(53): note: Invalid aggregate initialization
src\engine\combat\src\AIConstruct.cpp(53): note: 'TurtleEngine::Combat::AIConstruct::{ctor}::<lambda_f0700ed4eb16411bba5981f65b4dd678>::__this': private and protected members cannot be initialized without a constructor
src\engine\combat\src\AIConstruct.cpp(56): error C2352: 'TurtleEngine::Combat::AIConstruct::setupResistances': a call of a non-static member function requires an object
C:\Users\HydraPony\1337 h4x0r\Mengin\src\engine\combat\src\../include/AIConstruct.hpp(271): note: see declaration of 'TurtleEngine::Combat::AIConstruct::setupResistances'
src\engine\combat\src\AIConstruct.cpp(321): error C2451: a conditional expression of type 'std::shared_ptr' is not valid
src\engine\combat\src\AIConstruct.cpp(321): note: No user-defined-conversion operator available that can perform this conversion, or the operator cannot be called
src\engine\combat\src\AIConstruct.cpp(328): error C2675: unary '->': 'std::shared_ptr' does not define this operator or a conversion to a type acceptable to the predefined operator
C:\Program Files\Microsoft Visual Studio\2022\Community\VC\Tools\MSVC\14.43.34808\include\memory(1764): note: could be '_Ty2 *std::shared_ptr<_Ty>::operator ->(void) noexcept const'
src\engine\combat\src\AIConstruct.cpp(328): note: '_Ty2 *std::shared_ptr<_Ty>::operator ->(void) noexcept const': could not deduce template argument for '__formal'
src\engine\combat\src\AIConstruct.cpp(328): error C2039: 'spawnBurst': is not a member of 'std::shared_ptr'
C:\Program Files\Microsoft Visual Studio\2022\Community\VC\Tools\MSVC\14.43.34808\include\memory(1557): note: see declaration of 'std::shared_ptr'
src\engine\combat\src\AIConstruct.cpp(621): error C2678: binary '!': no operator found which takes a left-hand operand of type 'std::shared_ptr' (or there is no acceptable conversion)
src\engine\combat\src\AIConstruct.cpp(621): note: could be 'built-in C++ operator!(bool)'
src\engine\combat\src\AIConstruct.cpp(621): note: '!': cannot convert argument 1 from 'std::shared_ptr' to 'bool'
src\engine\combat\src\AIConstruct.cpp(621): note: while trying to match the argument list '(std::shared_ptr)'
src\engine\combat\src\AIConstruct.cpp(621): error C2088: built-in operator '!' cannot be applied to an operand of type 'std::shared_ptr'
src\engine\combat\src\AIConstruct.cpp(664): error C2675: unary '->': 'std::shared_ptr' does not define this operator or a conversion to a type acceptable to the predefined operator
C:\Program Files\Microsoft Visual Studio\2022\Community\VC\Tools\MSVC\14.43.34808\include\memory(1764): note: could be '_Ty2 *std::shared_ptr<_Ty>::operator ->(void) noexcept const'
src\engine\combat\src\AIConstruct.cpp(664): note: '_Ty2 *std::shared_ptr<_Ty>::operator ->(void) noexcept const': could not deduce template argument for '__formal'
src\engine\combat\src\AIConstruct.cpp(664): error C2039: 'spawnBurst': is not a member of 'std::shared_ptr'
C:\Program Files\Microsoft Visual Studio\2022\Community\VC\Tools\MSVC\14.43.34808\include\memory(1557): note: see declaration of 'std::shared_ptr'
src\engine\combat\src\AIConstruct.cpp(674): error C2678: binary '!': no operator found which takes a left-hand operand of type 'std::shared_ptr' (or there is no acceptable conversion)
src\engine\combat\src\AIConstruct.cpp(674): note: could be 'built-in C++ operator!(bool)'
src\engine\combat\src\AIConstruct.cpp(674): note: '!': cannot convert argument 1 from 'std::shared_ptr' to 'bool'
src\engine\combat\src\AIConstruct.cpp(674): note: while trying to match the argument list '(std::shared_ptr)'
src\engine\combat\src\AIConstruct.cpp(674): error C2088: built-in operator '!' cannot be applied to an operand of type 'std::shared_ptr'
src\engine\combat\src\AIConstruct.cpp(747): error C2675: unary '->': 'std::shared_ptr' does not define this operator or a conversion to a type acceptable to the predefined operator
C:\Program Files\Microsoft Visual Studio\2022\Community\VC\Tools\MSVC\14.43.34808\include\memory(1764): note: could be '_Ty2 *std::shared_ptr<_Ty>::operator ->(void) noexcept const'
src\engine\combat\src\AIConstruct.cpp(747): note: '_Ty2 *std::shared_ptr<_Ty>::operator ->(void) noexcept const': could not deduce template argument for '__formal'
src\engine\combat\src\AIConstruct.cpp(747): error C2039: 'spawnParticle': is not a member of 'std::shared_ptr'
C:\Program Files\Microsoft Visual Studio\2022\Community\VC\Tools\MSVC\14.43.34808\include\memory(1557): note: see declaration of 'std::shared_ptr'
HealthSystem.cpp
mock_particle_system.cpp
Generating Code...
Compilation failed.

-------------------------------------------------

5. TemporalAnomalySystem Test Results:
**********************************************************************
** Visual Studio 2022 Developer Command Prompt v17.13.4
** Copyright (c) 2022 Microsoft Corporation
**********************************************************************
[vcvarsall.bat] Environment initialized for: 'x64'
Compiling TemporalAnomalySystemStandaloneTest...
TemporalAnomalySystemStandaloneTest.cpp
TemporalAnomalySystem.cpp
C:\Users\HydraPony\1337 h4x0r\Mengin\vcpkg\installed\x64-windows\include\glm\gtx\../gtx/dual_quaternion.hpp(24): fatal error C1189: #error:  "GLM: GLM_GTX_dual_quaternion is an experimental extension and may change in the future. Use #define GLM_ENABLE_EXPERIMENTAL before including it, if you really want to use it."
Generating Code...
Compilation failed.

-------------------------------------------------

Test Summary Report Generated on 04/11/2025 02:37:04
